  ComBluetooth.cpp
C:\Users\julia\OneDrive - USherbrooke\Génie informatique S1\Session 2\Projet\Projet-S2-P04\Code\PC\GuitarHeroPC\GuitarHeroPC\ComBluetooth.h(59,62): warning C4267: 'argument' : conversion de 'size_t' en 'DWORD', perte possible de données
  (compiler le fichier source 'ComBluetooth.cpp')
  
  ComFilaire.cpp
C:\Users\julia\OneDrive - USherbrooke\Génie informatique S1\Session 2\Projet\Projet-S2-P04\Code\PC\GuitarHeroPC\GuitarHeroPC\ComFilaire.h(35,64): warning C4267: 'argument' : conversion de 'size_t' en 'unsigned int', perte possible de données
  (compiler le fichier source 'ComFilaire.cpp')
  
  Gameplay.cpp
C:\Users\julia\OneDrive - USherbrooke\Génie informatique S1\Session 2\Projet\Projet-S2-P04\Code\PC\GuitarHeroPC\GuitarHeroPC\ComBluetooth.h(59,62): warning C4267: 'argument' : conversion de 'size_t' en 'DWORD', perte possible de données
  (compiler le fichier source 'Gameplay.cpp')
  
C:\Users\julia\OneDrive - USherbrooke\Génie informatique S1\Session 2\Projet\Projet-S2-P04\Code\PC\GuitarHeroPC\GuitarHeroPC\ComFilaire.h(35,64): warning C4267: 'argument' : conversion de 'size_t' en 'unsigned int', perte possible de données
  (compiler le fichier source 'Gameplay.cpp')
  
C:\Users\julia\OneDrive - USherbrooke\Génie informatique S1\Session 2\Projet\Projet-S2-P04\Code\PC\GuitarHeroPC\GuitarHeroPC\Gameplay.cpp(45,9): error C3861: 'voirMeilleurScore' : identificateur introuvable
C:\Users\julia\OneDrive - USherbrooke\Génie informatique S1\Session 2\Projet\Projet-S2-P04\Code\PC\GuitarHeroPC\GuitarHeroPC\Gameplay.cpp(52,16): error C2039: 'voirMeilleurScore' n'est pas membre de 'Gameplay'
      C:\Users\julia\OneDrive - USherbrooke\Génie informatique S1\Session 2\Projet\Projet-S2-P04\Code\PC\GuitarHeroPC\GuitarHeroPC\Gameplay.h(7,7):
      voir la déclaration de 'Gameplay'
  
  Joueur.cpp
  main.cpp
C:\Users\julia\OneDrive - USherbrooke\Génie informatique S1\Session 2\Projet\Projet-S2-P04\Code\PC\GuitarHeroPC\GuitarHeroPC\ComBluetooth.h(59,62): warning C4267: 'argument' : conversion de 'size_t' en 'DWORD', perte possible de données
  (compiler le fichier source 'main.cpp')
  
C:\Users\julia\OneDrive - USherbrooke\Génie informatique S1\Session 2\Projet\Projet-S2-P04\Code\PC\GuitarHeroPC\GuitarHeroPC\ComFilaire.h(35,64): warning C4267: 'argument' : conversion de 'size_t' en 'unsigned int', perte possible de données
  (compiler le fichier source 'main.cpp')
  
  SerialPort.cpp
  Génération de code en cours...
